app/build/intermediates/manifest_merge_blame_file/release/manifest-merger-blame-release-report.txt
1<?xml version="1.0" encoding="utf-8"?>
2<manifest xmlns:android="http://schemas.android.com/apk/res/android"
3    package="com.wonderland.alice.onofftester"
4    android:versionCode="1"
5    android:versionName="1.0" >
6
7    <uses-sdk
8        android:minSdkVersion="24"
8-->src/main/AndroidManifest.xml
9        android:targetSdkVersion="33" />
9-->src/main/AndroidManifest.xml
10
11    <uses-permission android:name="android.permission.SCHEDULE_EXACT_ALARM" />
11-->src/main/AndroidManifest.xml:5:5-79
11-->src/main/AndroidManifest.xml:5:22-76
12    <uses-permission android:name="android.permission.WAKE_LOCK" />
12-->src/main/AndroidManifest.xml:6:5-68
12-->src/main/AndroidManifest.xml:6:22-65
13
14    <application
14-->src/main/AndroidManifest.xml:8:5-43:19
15        android:allowBackup="true"
15-->src/main/AndroidManifest.xml:9:9-35
16        android:appComponentFactory="androidx.core.app.CoreComponentFactory"
16-->[androidx.core:core:1.8.0] AndroidManifest.xml:24:18-86
17        android:dataExtractionRules="@xml/data_extraction_rules"
17-->src/main/AndroidManifest.xml:10:9-65
18        android:extractNativeLibs="false"
19        android:fullBackupContent="@xml/backup_rules"
19-->src/main/AndroidManifest.xml:11:9-54
20        android:icon="@mipmap/ic_launcher"
20-->src/main/AndroidManifest.xml:12:9-43
21        android:label="@string/app_name"
21-->src/main/AndroidManifest.xml:13:9-41
22        android:supportsRtl="true"
22-->src/main/AndroidManifest.xml:14:9-35
23        android:theme="@style/Theme.OnOffTester" >
23-->src/main/AndroidManifest.xml:15:9-49
24        <activity
24-->src/main/AndroidManifest.xml:17:9-25:20
25            android:name="com.wonderland.alice.onofftester.MainActivity"
25-->src/main/AndroidManifest.xml:18:13-41
26            android:exported="true" >
26-->src/main/AndroidManifest.xml:19:13-36
27            <intent-filter>
27-->src/main/AndroidManifest.xml:20:13-24:29
28                <action android:name="android.intent.action.MAIN" />
28-->src/main/AndroidManifest.xml:21:17-69
28-->src/main/AndroidManifest.xml:21:25-66
29
30                <category android:name="android.intent.category.LAUNCHER" />
30-->src/main/AndroidManifest.xml:23:17-77
30-->src/main/AndroidManifest.xml:23:27-74
31            </intent-filter>
32        </activity>
33
34        <receiver
34-->src/main/AndroidManifest.xml:27:9-38:20
35            android:name="com.wonderland.alice.onofftester.receiver.AppDeviceAdminReceiver"
35-->src/main/AndroidManifest.xml:28:13-60
36            android:exported="true"
36-->src/main/AndroidManifest.xml:29:13-36
37            android:label="@string/device_admin_description"
37-->src/main/AndroidManifest.xml:30:13-61
38            android:permission="android.permission.BIND_DEVICE_ADMIN" >
38-->src/main/AndroidManifest.xml:31:13-70
39            <meta-data
39-->src/main/AndroidManifest.xml:32:13-34:56
40                android:name="android.app.device_admin"
40-->src/main/AndroidManifest.xml:33:17-56
41                android:resource="@xml/device_admin" />
41-->src/main/AndroidManifest.xml:34:17-53
42
43            <intent-filter>
43-->src/main/AndroidManifest.xml:35:13-37:29
44                <action android:name="android.app.action.DEVICE_ADMIN_ENABLED" />
44-->src/main/AndroidManifest.xml:36:17-82
44-->src/main/AndroidManifest.xml:36:25-79
45            </intent-filter>
46        </receiver>
47        <receiver
47-->src/main/AndroidManifest.xml:40:9-41:39
48            android:name="com.wonderland.alice.onofftester.alarm.AlarmBroadcastReceiver"
48-->src/main/AndroidManifest.xml:40:19-63
49            android:exported="false" />
49-->src/main/AndroidManifest.xml:41:13-37
50
51        <provider
51-->[androidx.emoji2:emoji2:1.2.0] AndroidManifest.xml:24:9-32:20
52            android:name="androidx.startup.InitializationProvider"
52-->[androidx.emoji2:emoji2:1.2.0] AndroidManifest.xml:25:13-67
53            android:authorities="com.wonderland.alice.onofftester.androidx-startup"
53-->[androidx.emoji2:emoji2:1.2.0] AndroidManifest.xml:26:13-68
54            android:exported="false" >
54-->[androidx.emoji2:emoji2:1.2.0] AndroidManifest.xml:27:13-37
55            <meta-data
55-->[androidx.emoji2:emoji2:1.2.0] AndroidManifest.xml:29:13-31:52
56                android:name="androidx.emoji2.text.EmojiCompatInitializer"
56-->[androidx.emoji2:emoji2:1.2.0] AndroidManifest.xml:30:17-75
57                android:value="androidx.startup" />
57-->[androidx.emoji2:emoji2:1.2.0] AndroidManifest.xml:31:17-49
58            <meta-data
58-->[androidx.lifecycle:lifecycle-process:2.4.1] AndroidManifest.xml:31:13-33:52
59                android:name="androidx.lifecycle.ProcessLifecycleInitializer"
59-->[androidx.lifecycle:lifecycle-process:2.4.1] AndroidManifest.xml:32:17-78
60                android:value="androidx.startup" />
60-->[androidx.lifecycle:lifecycle-process:2.4.1] AndroidManifest.xml:33:17-49
61        </provider>
62    </application>
63
64</manifest>